#! /usr/bin/vvp
:ivl_version "0.9.7 " "(v0_9_7)";
:vpi_time_precision + 0;
:vpi_module "system";
:vpi_module "v2005_math";
:vpi_module "va_math";
S_0x27a3560 .scope module, "BitSliceTestHarness" "BitSliceTestHarness" 2 5;
 .timescale 0 0;
v0x27e49d0_0 .var "A", 0 0;
v0x27e4a70_0 .var "ADD", 0 0;
v0x27e4b20_0 .var "AND", 0 0;
v0x27e4bd0_0 .var "B", 0 0;
v0x27e4cb0_0 .var "CIN", 0 0;
v0x27e4d60_0 .var "NAND", 0 0;
v0x27e4de0_0 .var "NOR", 0 0;
v0x27e4e90_0 .var "OR", 0 0;
v0x27e4f40_0 .var "SUB", 0 0;
v0x27e4ff0_0 .var "XOR", 0 0;
v0x27e50a0_0 .net "cout", 0 0, C4<0>; 1 drivers
v0x27e5150_0 .var "inputs", 3 0;
v0x27e5240_0 .net "res", 0 0, C4<0>; 1 drivers
v0x27e52f0_0 .net "sum", 0 0, C4<0>; 1 drivers
S_0x27a37c0 .scope module, "bit_slice" "BitSlice" 2 11, 3 3, S_0x27a3560;
 .timescale 0 0;
v0x27a1cc0_0 .net "A", 0 0, v0x27e49d0_0; 1 drivers
v0x27e40e0_0 .net "ADD", 0 0, v0x27e4a70_0; 1 drivers
v0x27e4180_0 .net "AND", 0 0, v0x27e4b20_0; 1 drivers
v0x27e4220_0 .net "B", 0 0, v0x27e4bd0_0; 1 drivers
v0x27e42d0_0 .net "CIN", 0 0, v0x27e4cb0_0; 1 drivers
v0x27e4370_0 .net "NAND", 0 0, v0x27e4d60_0; 1 drivers
v0x27e4450_0 .net "NOR", 0 0, v0x27e4de0_0; 1 drivers
v0x27e44f0_0 .net "OR", 0 0, v0x27e4e90_0; 1 drivers
v0x27e45e0_0 .net "SUB", 0 0, v0x27e4f40_0; 1 drivers
v0x27e4680_0 .net "XOR", 0 0, v0x27e4ff0_0; 1 drivers
v0x27e4780_0 .alias "cout", 0 0, v0x27e50a0_0;
v0x27e4820_0 .alias "res", 0 0, v0x27e5240_0;
v0x27e4930_0 .alias "sum", 0 0, v0x27e52f0_0;
    .scope S_0x27a3560;
T_0 ;
    %vpi_call 2 18 "$dumpfile", "BitSlice.vcd";
    %vpi_call 2 19 "$dumpvars", 1'sb0, S_0x27a37c0;
    %movi 8, 1, 7;
    %set/v v0x27e4e90_0, 8, 1;
    %set/v v0x27e4de0_0, 9, 1;
    %set/v v0x27e4d60_0, 10, 1;
    %set/v v0x27e4b20_0, 11, 1;
    %set/v v0x27e4ff0_0, 12, 1;
    %set/v v0x27e4f40_0, 13, 1;
    %set/v v0x27e4a70_0, 14, 1;
    %set/v v0x27e5150_0, 0, 4;
T_0.0 ;
    %load/v 8, v0x27e5150_0, 4;
   %cmpi/u 8, 8, 4;
    %jmp/0xz T_0.1, 5;
    %load/v 8, v0x27e5150_0, 4;
    %set/v v0x27e4bd0_0, 8, 1;
    %set/v v0x27e49d0_0, 9, 1;
    %set/v v0x27e4cb0_0, 10, 1;
    %delay 1000, 0;
    %load/v 8, v0x27e5240_0, 1;
    %load/v 9, v0x27e49d0_0, 1;
    %cmp/u 8, 9, 1;
    %inv 4, 1;
    %mov 8, 4, 1;
    %load/v 9, v0x27e4bd0_0, 1;
    %or 8, 9, 1;
    %jmp/0xz  T_0.2, 8;
    %load/v 8, v0x27e49d0_0, 1;
    %load/v 9, v0x27e4bd0_0, 1;
    %or 8, 9, 1;
    %vpi_call 2 28 "$display", "Test Case OR Cin:%b A:%b B:%b Failed, Got %b Expected %b", v0x27e4cb0_0, v0x27e49d0_0, v0x27e4bd0_0, v0x27e5240_0, T<8,1,u>;
T_0.2 ;
    %ix/load 0, 1, 0;
    %load/vp0 8, v0x27e5150_0, 4;
    %set/v v0x27e5150_0, 8, 4;
    %jmp T_0.0;
T_0.1 ;
    %movi 8, 2, 7;
    %set/v v0x27e4e90_0, 8, 1;
    %set/v v0x27e4de0_0, 9, 1;
    %set/v v0x27e4d60_0, 10, 1;
    %set/v v0x27e4b20_0, 11, 1;
    %set/v v0x27e4ff0_0, 12, 1;
    %set/v v0x27e4f40_0, 13, 1;
    %set/v v0x27e4a70_0, 14, 1;
    %set/v v0x27e5150_0, 0, 4;
T_0.4 ;
    %load/v 8, v0x27e5150_0, 4;
   %cmpi/u 8, 8, 4;
    %jmp/0xz T_0.5, 5;
    %load/v 8, v0x27e5150_0, 4;
    %set/v v0x27e4bd0_0, 8, 1;
    %set/v v0x27e49d0_0, 9, 1;
    %set/v v0x27e4cb0_0, 10, 1;
    %delay 1000, 0;
    %load/v 8, v0x27e5240_0, 1;
    %load/v 9, v0x27e49d0_0, 1;
    %cmp/u 8, 9, 1;
    %inv 4, 1;
    %mov 8, 4, 1;
    %load/v 9, v0x27e4bd0_0, 1;
    %nor 8, 9, 1;
    %jmp/0xz  T_0.6, 8;
    %load/v 8, v0x27e49d0_0, 1;
    %load/v 9, v0x27e4bd0_0, 1;
    %nor 8, 9, 1;
    %vpi_call 2 38 "$display", "Test Case NOR Cin:%b A:%b B:%b Failed, Got %b Expected %b", v0x27e4cb0_0, v0x27e49d0_0, v0x27e4bd0_0, v0x27e5240_0, T<8,1,u>;
T_0.6 ;
    %ix/load 0, 1, 0;
    %load/vp0 8, v0x27e5150_0, 4;
    %set/v v0x27e5150_0, 8, 4;
    %jmp T_0.4;
T_0.5 ;
    %movi 8, 4, 7;
    %set/v v0x27e4e90_0, 8, 1;
    %set/v v0x27e4de0_0, 9, 1;
    %set/v v0x27e4d60_0, 10, 1;
    %set/v v0x27e4b20_0, 11, 1;
    %set/v v0x27e4ff0_0, 12, 1;
    %set/v v0x27e4f40_0, 13, 1;
    %set/v v0x27e4a70_0, 14, 1;
    %set/v v0x27e5150_0, 0, 4;
T_0.8 ;
    %load/v 8, v0x27e5150_0, 4;
   %cmpi/u 8, 8, 4;
    %jmp/0xz T_0.9, 5;
    %load/v 8, v0x27e5150_0, 4;
    %set/v v0x27e4bd0_0, 8, 1;
    %set/v v0x27e49d0_0, 9, 1;
    %set/v v0x27e4cb0_0, 10, 1;
    %delay 1000, 0;
    %load/v 8, v0x27e5240_0, 1;
    %load/v 9, v0x27e49d0_0, 1;
    %cmp/u 8, 9, 1;
    %inv 4, 1;
    %mov 8, 4, 1;
    %load/v 9, v0x27e4bd0_0, 1;
    %nand 8, 9, 1;
    %jmp/0xz  T_0.10, 8;
    %load/v 8, v0x27e49d0_0, 1;
    %load/v 9, v0x27e4bd0_0, 1;
    %nand 8, 9, 1;
    %vpi_call 2 48 "$display", "Test Case NAND Cin:%b A:%b B:%b Failed, Got %b Expected %b", v0x27e4cb0_0, v0x27e49d0_0, v0x27e4bd0_0, v0x27e5240_0, T<8,1,u>;
T_0.10 ;
    %ix/load 0, 1, 0;
    %load/vp0 8, v0x27e5150_0, 4;
    %set/v v0x27e5150_0, 8, 4;
    %jmp T_0.8;
T_0.9 ;
    %movi 8, 8, 7;
    %set/v v0x27e4e90_0, 8, 1;
    %set/v v0x27e4de0_0, 9, 1;
    %set/v v0x27e4d60_0, 10, 1;
    %set/v v0x27e4b20_0, 11, 1;
    %set/v v0x27e4ff0_0, 12, 1;
    %set/v v0x27e4f40_0, 13, 1;
    %set/v v0x27e4a70_0, 14, 1;
    %set/v v0x27e5150_0, 0, 4;
T_0.12 ;
    %load/v 8, v0x27e5150_0, 4;
   %cmpi/u 8, 8, 4;
    %jmp/0xz T_0.13, 5;
    %load/v 8, v0x27e5150_0, 4;
    %set/v v0x27e4bd0_0, 8, 1;
    %set/v v0x27e49d0_0, 9, 1;
    %set/v v0x27e4cb0_0, 10, 1;
    %delay 1000, 0;
    %load/v 8, v0x27e5240_0, 1;
    %load/v 9, v0x27e49d0_0, 1;
    %cmp/u 8, 9, 1;
    %inv 4, 1;
    %mov 8, 4, 1;
    %load/v 9, v0x27e4bd0_0, 1;
    %and 8, 9, 1;
    %jmp/0xz  T_0.14, 8;
    %load/v 8, v0x27e49d0_0, 1;
    %load/v 9, v0x27e4bd0_0, 1;
    %and 8, 9, 1;
    %vpi_call 2 58 "$display", "Test Case AND Cin:%b A:%b B:%b Failed, Got %b Expected %b", v0x27e4cb0_0, v0x27e49d0_0, v0x27e4bd0_0, v0x27e5240_0, T<8,1,u>;
T_0.14 ;
    %ix/load 0, 1, 0;
    %load/vp0 8, v0x27e5150_0, 4;
    %set/v v0x27e5150_0, 8, 4;
    %jmp T_0.12;
T_0.13 ;
    %movi 8, 16, 7;
    %set/v v0x27e4e90_0, 8, 1;
    %set/v v0x27e4de0_0, 9, 1;
    %set/v v0x27e4d60_0, 10, 1;
    %set/v v0x27e4b20_0, 11, 1;
    %set/v v0x27e4ff0_0, 12, 1;
    %set/v v0x27e4f40_0, 13, 1;
    %set/v v0x27e4a70_0, 14, 1;
    %set/v v0x27e5150_0, 0, 4;
T_0.16 ;
    %load/v 8, v0x27e5150_0, 4;
   %cmpi/u 8, 8, 4;
    %jmp/0xz T_0.17, 5;
    %load/v 8, v0x27e5150_0, 4;
    %set/v v0x27e4bd0_0, 8, 1;
    %set/v v0x27e49d0_0, 9, 1;
    %set/v v0x27e4cb0_0, 10, 1;
    %delay 1000, 0;
    %load/v 8, v0x27e5240_0, 1;
    %load/v 9, v0x27e49d0_0, 1;
    %cmp/u 8, 9, 1;
    %inv 4, 1;
    %mov 8, 4, 1;
    %load/v 9, v0x27e4bd0_0, 1;
    %xor 8, 9, 1;
    %jmp/0xz  T_0.18, 8;
    %load/v 8, v0x27e49d0_0, 1;
    %load/v 9, v0x27e4bd0_0, 1;
    %xor 8, 9, 1;
    %vpi_call 2 68 "$display", "Test Case XOR Cin:%b A:%b B:%b Failed, Got %b Expected %b", v0x27e4cb0_0, v0x27e49d0_0, v0x27e4bd0_0, v0x27e5240_0, T<8,1,u>;
T_0.18 ;
    %ix/load 0, 1, 0;
    %load/vp0 8, v0x27e5150_0, 4;
    %set/v v0x27e5150_0, 8, 4;
    %jmp T_0.16;
T_0.17 ;
    %end;
    .thread T_0;
# The file index is used to find the file name in the following table.
:file_names 4;
    "N/A";
    "<interactive>";
    "BitSlice.t.v";
    "./BitSlice.v";
